GROUP,PACKAGE,CLASS,INSTRUCTION_MISSED,INSTRUCTION_COVERED,BRANCH_MISSED,BRANCH_COVERED,LINE_MISSED,LINE_COVERED,COMPLEXITY_MISSED,COMPLEXITY_COVERED,METHOD_MISSED,METHOD_COVERED
fist_maven,test.java.CS5850_DropBox,IT,20,0,0,0,4,0,4,0,4,0
fist_maven,test.java.CS5850_DropBox,firstSyncTest,20,0,0,0,4,0,4,0,4,0
fist_maven,CS5850_DropBox,AWSS3Service,10,84,2,4,3,25,2,10,0,9
fist_maven,CS5850_DropBox,S3Application,50,114,2,4,8,21,3,3,1,2
fist_maven,CS5850_DropBox,FolderWatch,158,57,12,2,19,17,7,3,0,3
